-- The C compiler identification is GNU 11.4.0
-- The CXX compiler identification is GNU 11.4.0
-- Detecting C compiler ABI info
-- Detecting C compiler ABI info - done
-- Check for working C compiler: /usr/bin/cc - skipped
-- Detecting C compile features
-- Detecting C compile features - done
-- Detecting CXX compiler ABI info
-- Detecting CXX compiler ABI info - done
-- Check for working CXX compiler: /usr/bin/c++ - skipped
-- Detecting CXX compile features
-- Detecting CXX compile features - done
-- Found ament_cmake: 1.3.12 (/opt/ros/humble/share/ament_cmake/cmake)
-- Found Python3: /home/ryan/.xps-py/bin/python3 (found version "3.10.12") found components: Interpreter 
-- Found rclcpp: 16.0.15 (/opt/ros/humble/share/rclcpp/cmake)
-- Found rosidl_generator_c: 3.1.7 (/opt/ros/humble/share/rosidl_generator_c/cmake)
-- Found rosidl_adapter: 3.1.7 (/opt/ros/humble/share/rosidl_adapter/cmake)
-- Found rosidl_generator_cpp: 3.1.7 (/opt/ros/humble/share/rosidl_generator_cpp/cmake)
-- Using all available rosidl_typesupport_c: rosidl_typesupport_fastrtps_c;rosidl_typesupport_introspection_c
-- Using all available rosidl_typesupport_cpp: rosidl_typesupport_fastrtps_cpp;rosidl_typesupport_introspection_cpp
-- Found rmw_implementation_cmake: 6.1.2 (/opt/ros/humble/share/rmw_implementation_cmake/cmake)
-- Found rmw_fastrtps_cpp: 6.2.8 (/opt/ros/humble/share/rmw_fastrtps_cpp/cmake)
-- Found OpenSSL: /usr/lib/x86_64-linux-gnu/libcrypto.so (found version "3.0.2")  
-- Found FastRTPS: /opt/ros/humble/include  
-- Using RMW implementation 'rmw_fastrtps_cpp' as default
-- Looking for pthread.h
-- Looking for pthread.h - found
-- Performing Test CMAKE_HAVE_LIBC_PTHREAD
-- Performing Test CMAKE_HAVE_LIBC_PTHREAD - Success
-- Found Threads: TRUE  
-- Found geometry_msgs: 4.9.0 (/opt/ros/humble/share/geometry_msgs/cmake)
-- Found OpenCV: /usr (found version "4.5.4") 
-- Configuring done
-- Generating done
-- Build files have been written to: /home/ryan/Cooperative_Robotics/build/aruco_pose_publisher
[ 50%] [32mBuilding CXX object CMakeFiles/aruco_pose_publisher_node.dir/src/aruco_pose_publisher_node.cpp.o[0m
[01m[K/home/ryan/Cooperative_Robotics/src/aruco_pose_publisher/src/aruco_pose_publisher_node.cpp:227:30:[m[K [01;31m[Kerror: [m[Kâ€˜[01m[KArucoDetector[m[Kâ€™ is not a member of â€˜[01m[Kcv::aruco[m[Kâ€™
  227 |   std::unique_ptr<cv::aruco::[01;31m[KArucoDetector[m[K> detector_;
      |                              [01;31m[K^~~~~~~~~~~~~[m[K
[01m[K/home/ryan/Cooperative_Robotics/src/aruco_pose_publisher/src/aruco_pose_publisher_node.cpp:227:43:[m[K [01;31m[Kerror: [m[Ktemplate argument 1 is invalid
  227 |   std::unique_ptr<cv::aruco::ArucoDetector[01;31m[K>[m[K detector_;
      |                                           [01;31m[K^[m[K
[01m[K/home/ryan/Cooperative_Robotics/src/aruco_pose_publisher/src/aruco_pose_publisher_node.cpp:227:43:[m[K [01;31m[Kerror: [m[Ktemplate argument 2 is invalid
[01m[K/home/ryan/Cooperative_Robotics/src/aruco_pose_publisher/src/aruco_pose_publisher_node.cpp:[m[K In constructor â€˜[01m[KArucoPoseNode::ArucoPoseNode()[m[Kâ€™:
[01m[K/home/ryan/Cooperative_Robotics/src/aruco_pose_publisher/src/aruco_pose_publisher_node.cpp:130:45:[m[K [01;31m[Kerror: [m[Kâ€˜[01m[KArucoDetector[m[Kâ€™ is not a member of â€˜[01m[Kcv::aruco[m[Kâ€™
  130 |     detector_ = std::make_unique<cv::aruco::[01;31m[KArucoDetector[m[K>(dict_, params_);
      |                                             [01;31m[K^~~~~~~~~~~~~[m[K
[01m[K/home/ryan/Cooperative_Robotics/src/aruco_pose_publisher/src/aruco_pose_publisher_node.cpp:130:59:[m[K [01;31m[Kerror: [m[Kno matching function for call to â€˜[01m[Kmake_unique<<expression error> >(cv::Ptr<cv::aruco::Dictionary>&, cv::aruco::DetectorParameters&)[m[Kâ€™
  130 |     detector_ = [01;31m[Kstd::make_unique<cv::aruco::ArucoDetector>(dict_, params_)[m[K;
      |                 [01;31m[K~~~~~~~~~~~~~~~~~~~~~~~~~~~~~~~~~~~~~~~~~~^~~~~~~~~~~~~~~~[m[K
In file included from [01m[K/usr/include/c++/11/memory:76[m[K,
                 from [01m[K/opt/ros/humble/include/rclcpp/rclcpp/rclcpp.hpp:153[m[K,
                 from [01m[K/home/ryan/Cooperative_Robotics/src/aruco_pose_publisher/src/aruco_pose_publisher_node.cpp:1[m[K:
[01m[K/usr/include/c++/11/bits/unique_ptr.h:961:5:[m[K [01;36m[Knote: [m[Kcandidate: â€˜[01m[Ktemplate<class _Tp, class ... _Args> typename std::_MakeUniq<_Tp>::__single_object std::make_unique(_Args&& ...)[m[Kâ€™
  961 |     [01;36m[Kmake_unique[m[K(_Args&&... __args)
      |     [01;36m[K^~~~~~~~~~~[m[K
[01m[K/usr/include/c++/11/bits/unique_ptr.h:961:5:[m[K [01;36m[Knote: [m[K  template argument deduction/substitution failed:
[01m[K/home/ryan/Cooperative_Robotics/src/aruco_pose_publisher/src/aruco_pose_publisher_node.cpp:130:59:[m[K [01;31m[Kerror: [m[Ktemplate argument 1 is invalid
  130 |     detector_ = [01;31m[Kstd::make_unique<cv::aruco::ArucoDetector>(dict_, params_)[m[K;
      |                 [01;31m[K~~~~~~~~~~~~~~~~~~~~~~~~~~~~~~~~~~~~~~~~~~^~~~~~~~~~~~~~~~[m[K
In file included from [01m[K/usr/include/c++/11/memory:76[m[K,
                 from [01m[K/opt/ros/humble/include/rclcpp/rclcpp/rclcpp.hpp:153[m[K,
                 from [01m[K/home/ryan/Cooperative_Robotics/src/aruco_pose_publisher/src/aruco_pose_publisher_node.cpp:1[m[K:
[01m[K/usr/include/c++/11/bits/unique_ptr.h:967:5:[m[K [01;36m[Knote: [m[Kcandidate: â€˜[01m[Ktemplate<class _Tp> typename std::_MakeUniq<_Tp>::__array std::make_unique(std::size_t)[m[Kâ€™
  967 |     [01;36m[Kmake_unique[m[K(size_t __num)
      |     [01;36m[K^~~~~~~~~~~[m[K
[01m[K/usr/include/c++/11/bits/unique_ptr.h:967:5:[m[K [01;36m[Knote: [m[K  template argument deduction/substitution failed:
[01m[K/home/ryan/Cooperative_Robotics/src/aruco_pose_publisher/src/aruco_pose_publisher_node.cpp:130:59:[m[K [01;31m[Kerror: [m[Ktemplate argument 1 is invalid
  130 |     detector_ = [01;31m[Kstd::make_unique<cv::aruco::ArucoDetector>(dict_, params_)[m[K;
      |                 [01;31m[K~~~~~~~~~~~~~~~~~~~~~~~~~~~~~~~~~~~~~~~~~~^~~~~~~~~~~~~~~~[m[K
In file included from [01m[K/usr/include/c++/11/memory:76[m[K,
                 from [01m[K/opt/ros/humble/include/rclcpp/rclcpp/rclcpp.hpp:153[m[K,
                 from [01m[K/home/ryan/Cooperative_Robotics/src/aruco_pose_publisher/src/aruco_pose_publisher_node.cpp:1[m[K:
[01m[K/usr/include/c++/11/bits/unique_ptr.h:973:5:[m[K [01;36m[Knote: [m[Kcandidate: â€˜[01m[Ktemplate<class _Tp, class ... _Args> typename std::_MakeUniq<_Tp>::__invalid_type std::make_unique(_Args&& ...)[m[Kâ€™ (deleted)
  973 |     [01;36m[Kmake_unique[m[K(_Args&&...) = delete;
      |     [01;36m[K^~~~~~~~~~~[m[K
[01m[K/usr/include/c++/11/bits/unique_ptr.h:973:5:[m[K [01;36m[Knote: [m[K  template argument deduction/substitution failed:
[01m[K/home/ryan/Cooperative_Robotics/src/aruco_pose_publisher/src/aruco_pose_publisher_node.cpp:130:59:[m[K [01;31m[Kerror: [m[Ktemplate argument 1 is invalid
  130 |     detector_ = [01;31m[Kstd::make_unique<cv::aruco::ArucoDetector>(dict_, params_)[m[K;
      |                 [01;31m[K~~~~~~~~~~~~~~~~~~~~~~~~~~~~~~~~~~~~~~~~~~^~~~~~~~~~~~~~~~[m[K
[01m[K/home/ryan/Cooperative_Robotics/src/aruco_pose_publisher/src/aruco_pose_publisher_node.cpp:[m[K In member function â€˜[01m[Kvoid ArucoPoseNode::onTimer()[m[Kâ€™:
[01m[K/home/ryan/Cooperative_Robotics/src/aruco_pose_publisher/src/aruco_pose_publisher_node.cpp:154:14:[m[K [01;31m[Kerror: [m[Kbase operand of â€˜[01m[K->[m[Kâ€™ is not a pointer
  154 |     detector_[01;31m[K->[m[KdetectMarkers(gray, corners, ids, rejected);
      |              [01;31m[K^~[m[K
gmake[2]: *** [CMakeFiles/aruco_pose_publisher_node.dir/build.make:76: CMakeFiles/aruco_pose_publisher_node.dir/src/aruco_pose_publisher_node.cpp.o] Error 1
gmake[1]: *** [CMakeFiles/Makefile2:137: CMakeFiles/aruco_pose_publisher_node.dir/all] Error 2
gmake: *** [Makefile:146: all] Error 2
