[0.019s] Invoking command in '/home/ryan/Cooperative_Robotics/build/aruco_pose_publisher': CMAKE_PREFIX_PATH=${CMAKE_PREFIX_PATH}:/opt/ros/humble VIRTUAL_ENV_PROMPT=(.xps-py) /usr/bin/cmake /home/ryan/Cooperative_Robotics/src/aruco_pose_publisher -DCMAKE_BUILD_TYPE=Release -DCMAKE_INSTALL_PREFIX=/home/ryan/Cooperative_Robotics/install/aruco_pose_publisher
[0.141s] -- The C compiler identification is GNU 11.4.0
[0.252s] -- The CXX compiler identification is GNU 11.4.0
[0.267s] -- Detecting C compiler ABI info
[0.382s] -- Detecting C compiler ABI info - done
[0.394s] -- Check for working C compiler: /usr/bin/cc - skipped
[0.395s] -- Detecting C compile features
[0.396s] -- Detecting C compile features - done
[0.401s] -- Detecting CXX compiler ABI info
[0.529s] -- Detecting CXX compiler ABI info - done
[0.543s] -- Check for working CXX compiler: /usr/bin/c++ - skipped
[0.543s] -- Detecting CXX compile features
[0.544s] -- Detecting CXX compile features - done
[0.551s] -- Found ament_cmake: 1.3.12 (/opt/ros/humble/share/ament_cmake/cmake)
[0.778s] -- Found Python3: /home/ryan/.xps-py/bin/python3 (found version "3.10.12") found components: Interpreter 
[0.931s] -- Found rclcpp: 16.0.15 (/opt/ros/humble/share/rclcpp/cmake)
[1.013s] -- Found rosidl_generator_c: 3.1.7 (/opt/ros/humble/share/rosidl_generator_c/cmake)
[1.021s] -- Found rosidl_adapter: 3.1.7 (/opt/ros/humble/share/rosidl_adapter/cmake)
[1.038s] -- Found rosidl_generator_cpp: 3.1.7 (/opt/ros/humble/share/rosidl_generator_cpp/cmake)
[1.061s] -- Using all available rosidl_typesupport_c: rosidl_typesupport_fastrtps_c;rosidl_typesupport_introspection_c
[1.090s] -- Using all available rosidl_typesupport_cpp: rosidl_typesupport_fastrtps_cpp;rosidl_typesupport_introspection_cpp
[1.172s] -- Found rmw_implementation_cmake: 6.1.2 (/opt/ros/humble/share/rmw_implementation_cmake/cmake)
[1.176s] -- Found rmw_fastrtps_cpp: 6.2.8 (/opt/ros/humble/share/rmw_fastrtps_cpp/cmake)
[1.325s] -- Found OpenSSL: /usr/lib/x86_64-linux-gnu/libcrypto.so (found version "3.0.2")  
[1.375s] -- Found FastRTPS: /opt/ros/humble/include  
[1.444s] -- Using RMW implementation 'rmw_fastrtps_cpp' as default
[1.460s] -- Looking for pthread.h
[1.579s] -- Looking for pthread.h - found
[1.580s] -- Performing Test CMAKE_HAVE_LIBC_PTHREAD
[1.701s] -- Performing Test CMAKE_HAVE_LIBC_PTHREAD - Success
[1.702s] -- Found Threads: TRUE  
[1.797s] -- Found geometry_msgs: 4.9.0 (/opt/ros/humble/share/geometry_msgs/cmake)
[1.834s] -- Found OpenCV: /usr (found version "4.5.4") 
[1.982s] -- Configuring done
[2.001s] -- Generating done
[2.007s] -- Build files have been written to: /home/ryan/Cooperative_Robotics/build/aruco_pose_publisher
[2.023s] Invoked command in '/home/ryan/Cooperative_Robotics/build/aruco_pose_publisher' returned '0': CMAKE_PREFIX_PATH=${CMAKE_PREFIX_PATH}:/opt/ros/humble VIRTUAL_ENV_PROMPT=(.xps-py) /usr/bin/cmake /home/ryan/Cooperative_Robotics/src/aruco_pose_publisher -DCMAKE_BUILD_TYPE=Release -DCMAKE_INSTALL_PREFIX=/home/ryan/Cooperative_Robotics/install/aruco_pose_publisher
[2.026s] Invoking command in '/home/ryan/Cooperative_Robotics/build/aruco_pose_publisher': CMAKE_PREFIX_PATH=${CMAKE_PREFIX_PATH}:/opt/ros/humble VIRTUAL_ENV_PROMPT=(.xps-py) /usr/bin/cmake --build /home/ryan/Cooperative_Robotics/build/aruco_pose_publisher -- -j16 -l16
[2.108s] [ 50%] [32mBuilding CXX object CMakeFiles/aruco_pose_publisher_node.dir/src/aruco_pose_publisher_node.cpp.o[0m
[6.738s] [01m[K/home/ryan/Cooperative_Robotics/src/aruco_pose_publisher/src/aruco_pose_publisher_node.cpp:227:30:[m[K [01;31m[Kerror: [m[Kâ€˜[01m[KArucoDetector[m[Kâ€™ is not a member of â€˜[01m[Kcv::aruco[m[Kâ€™
[6.738s]   227 |   std::unique_ptr<cv::aruco::[01;31m[KArucoDetector[m[K> detector_;
[6.738s]       |                              [01;31m[K^~~~~~~~~~~~~[m[K
[6.738s] [01m[K/home/ryan/Cooperative_Robotics/src/aruco_pose_publisher/src/aruco_pose_publisher_node.cpp:227:43:[m[K [01;31m[Kerror: [m[Ktemplate argument 1 is invalid
[6.738s]   227 |   std::unique_ptr<cv::aruco::ArucoDetector[01;31m[K>[m[K detector_;
[6.738s]       |                                           [01;31m[K^[m[K
[6.738s] [01m[K/home/ryan/Cooperative_Robotics/src/aruco_pose_publisher/src/aruco_pose_publisher_node.cpp:227:43:[m[K [01;31m[Kerror: [m[Ktemplate argument 2 is invalid
[6.764s] [01m[K/home/ryan/Cooperative_Robotics/src/aruco_pose_publisher/src/aruco_pose_publisher_node.cpp:[m[K In constructor â€˜[01m[KArucoPoseNode::ArucoPoseNode()[m[Kâ€™:
[6.764s] [01m[K/home/ryan/Cooperative_Robotics/src/aruco_pose_publisher/src/aruco_pose_publisher_node.cpp:130:45:[m[K [01;31m[Kerror: [m[Kâ€˜[01m[KArucoDetector[m[Kâ€™ is not a member of â€˜[01m[Kcv::aruco[m[Kâ€™
[6.764s]   130 |     detector_ = std::make_unique<cv::aruco::[01;31m[KArucoDetector[m[K>(dict_, params_);
[6.765s]       |                                             [01;31m[K^~~~~~~~~~~~~[m[K
[6.765s] [01m[K/home/ryan/Cooperative_Robotics/src/aruco_pose_publisher/src/aruco_pose_publisher_node.cpp:130:59:[m[K [01;31m[Kerror: [m[Kno matching function for call to â€˜[01m[Kmake_unique<<expression error> >(cv::Ptr<cv::aruco::Dictionary>&, cv::aruco::DetectorParameters&)[m[Kâ€™
[6.765s]   130 |     detector_ = [01;31m[Kstd::make_unique<cv::aruco::ArucoDetector>(dict_, params_)[m[K;
[6.765s]       |                 [01;31m[K~~~~~~~~~~~~~~~~~~~~~~~~~~~~~~~~~~~~~~~~~~^~~~~~~~~~~~~~~~[m[K
[6.765s] In file included from [01m[K/usr/include/c++/11/memory:76[m[K,
[6.765s]                  from [01m[K/opt/ros/humble/include/rclcpp/rclcpp/rclcpp.hpp:153[m[K,
[6.765s]                  from [01m[K/home/ryan/Cooperative_Robotics/src/aruco_pose_publisher/src/aruco_pose_publisher_node.cpp:1[m[K:
[6.765s] [01m[K/usr/include/c++/11/bits/unique_ptr.h:961:5:[m[K [01;36m[Knote: [m[Kcandidate: â€˜[01m[Ktemplate<class _Tp, class ... _Args> typename std::_MakeUniq<_Tp>::__single_object std::make_unique(_Args&& ...)[m[Kâ€™
[6.765s]   961 |     [01;36m[Kmake_unique[m[K(_Args&&... __args)
[6.766s]       |     [01;36m[K^~~~~~~~~~~[m[K
[6.766s] [01m[K/usr/include/c++/11/bits/unique_ptr.h:961:5:[m[K [01;36m[Knote: [m[K  template argument deduction/substitution failed:
[6.766s] [01m[K/home/ryan/Cooperative_Robotics/src/aruco_pose_publisher/src/aruco_pose_publisher_node.cpp:130:59:[m[K [01;31m[Kerror: [m[Ktemplate argument 1 is invalid
[6.766s]   130 |     detector_ = [01;31m[Kstd::make_unique<cv::aruco::ArucoDetector>(dict_, params_)[m[K;
[6.766s]       |                 [01;31m[K~~~~~~~~~~~~~~~~~~~~~~~~~~~~~~~~~~~~~~~~~~^~~~~~~~~~~~~~~~[m[K
[6.766s] In file included from [01m[K/usr/include/c++/11/memory:76[m[K,
[6.766s]                  from [01m[K/opt/ros/humble/include/rclcpp/rclcpp/rclcpp.hpp:153[m[K,
[6.766s]                  from [01m[K/home/ryan/Cooperative_Robotics/src/aruco_pose_publisher/src/aruco_pose_publisher_node.cpp:1[m[K:
[6.767s] [01m[K/usr/include/c++/11/bits/unique_ptr.h:967:5:[m[K [01;36m[Knote: [m[Kcandidate: â€˜[01m[Ktemplate<class _Tp> typename std::_MakeUniq<_Tp>::__array std::make_unique(std::size_t)[m[Kâ€™
[6.767s]   967 |     [01;36m[Kmake_unique[m[K(size_t __num)
[6.767s]       |     [01;36m[K^~~~~~~~~~~[m[K
[6.767s] [01m[K/usr/include/c++/11/bits/unique_ptr.h:967:5:[m[K [01;36m[Knote: [m[K  template argument deduction/substitution failed:
[6.767s] [01m[K/home/ryan/Cooperative_Robotics/src/aruco_pose_publisher/src/aruco_pose_publisher_node.cpp:130:59:[m[K [01;31m[Kerror: [m[Ktemplate argument 1 is invalid
[6.767s]   130 |     detector_ = [01;31m[Kstd::make_unique<cv::aruco::ArucoDetector>(dict_, params_)[m[K;
[6.767s]       |                 [01;31m[K~~~~~~~~~~~~~~~~~~~~~~~~~~~~~~~~~~~~~~~~~~^~~~~~~~~~~~~~~~[m[K
[6.767s] In file included from [01m[K/usr/include/c++/11/memory:76[m[K,
[6.767s]                  from [01m[K/opt/ros/humble/include/rclcpp/rclcpp/rclcpp.hpp:153[m[K,
[6.767s]                  from [01m[K/home/ryan/Cooperative_Robotics/src/aruco_pose_publisher/src/aruco_pose_publisher_node.cpp:1[m[K:
[6.768s] [01m[K/usr/include/c++/11/bits/unique_ptr.h:973:5:[m[K [01;36m[Knote: [m[Kcandidate: â€˜[01m[Ktemplate<class _Tp, class ... _Args> typename std::_MakeUniq<_Tp>::__invalid_type std::make_unique(_Args&& ...)[m[Kâ€™ (deleted)
[6.768s]   973 |     [01;36m[Kmake_unique[m[K(_Args&&...) = delete;
[6.768s]       |     [01;36m[K^~~~~~~~~~~[m[K
[6.768s] [01m[K/usr/include/c++/11/bits/unique_ptr.h:973:5:[m[K [01;36m[Knote: [m[K  template argument deduction/substitution failed:
[6.768s] [01m[K/home/ryan/Cooperative_Robotics/src/aruco_pose_publisher/src/aruco_pose_publisher_node.cpp:130:59:[m[K [01;31m[Kerror: [m[Ktemplate argument 1 is invalid
[6.768s]   130 |     detector_ = [01;31m[Kstd::make_unique<cv::aruco::ArucoDetector>(dict_, params_)[m[K;
[6.768s]       |                 [01;31m[K~~~~~~~~~~~~~~~~~~~~~~~~~~~~~~~~~~~~~~~~~~^~~~~~~~~~~~~~~~[m[K
[6.786s] [01m[K/home/ryan/Cooperative_Robotics/src/aruco_pose_publisher/src/aruco_pose_publisher_node.cpp:[m[K In member function â€˜[01m[Kvoid ArucoPoseNode::onTimer()[m[Kâ€™:
[6.786s] [01m[K/home/ryan/Cooperative_Robotics/src/aruco_pose_publisher/src/aruco_pose_publisher_node.cpp:154:14:[m[K [01;31m[Kerror: [m[Kbase operand of â€˜[01m[K->[m[Kâ€™ is not a pointer
[6.787s]   154 |     detector_[01;31m[K->[m[KdetectMarkers(gray, corners, ids, rejected);
[6.787s]       |              [01;31m[K^~[m[K
[9.509s] gmake[2]: *** [CMakeFiles/aruco_pose_publisher_node.dir/build.make:76: CMakeFiles/aruco_pose_publisher_node.dir/src/aruco_pose_publisher_node.cpp.o] Error 1
[9.510s] gmake[1]: *** [CMakeFiles/Makefile2:137: CMakeFiles/aruco_pose_publisher_node.dir/all] Error 2
[9.510s] gmake: *** [Makefile:146: all] Error 2
[9.514s] Invoked command in '/home/ryan/Cooperative_Robotics/build/aruco_pose_publisher' returned '2': CMAKE_PREFIX_PATH=${CMAKE_PREFIX_PATH}:/opt/ros/humble VIRTUAL_ENV_PROMPT=(.xps-py) /usr/bin/cmake --build /home/ryan/Cooperative_Robotics/build/aruco_pose_publisher -- -j16 -l16
